<?xml version="1.0" encoding="UTF-8"?>
<!-- Generated by org.testng.reporters.JUnitReportReporter -->
<testsuite skipped="0" hostname="INCNU4289RXM" name="com.qa.tests.UserInfoTest" tests="2" failures="0" timestamp="04 Oct 2018 16:40:19 GMT" time="5.583" errors="0">
  <testcase name="getUserDetailswithCorrectIdTest" time="1.175" classname="com.qa.tests.UserInfoTest"/>
  <testcase name="getUserDetailswithCorrectIdTest" time="4.408" classname="com.qa.tests.UserInfoTest"/>
</testsuite> <!-- com.qa.tests.UserInfoTest -->
